2019-40-27 17:40:51.143 [main] INFO   - Opened site
2019-40-27 17:40:53.770 [main] INFO   - Opened Login Page
2019-40-27 17:40:56.550 [main] INFO   - Opened My Account Page
2019-40-27 17:40:59.196 [main] INFO   - Opened T-Shirts Page
2019-41-27 17:41:01.299 [main] INFO   - Opened Faded Short sleeve T-Shirt Page
2019-41-27 17:41:01.384 [main] INFO   - Verified breadcrumb
2019-41-27 17:41:01.513 [main] INFO   - Opened information dialog
2019-41-27 17:41:04.365 [main] INFO   - Opened shopping card page
2019-41-27 17:41:04.511 [main] INFO   - Clicked Increase quantity button
2019-41-27 17:41:04.678 [main] INFO   - Verified total price with unit price multiplied with quantity
2019-41-27 17:41:04.788 [main] INFO   - Deleted Faded Short sleeve T-Shirt
2019-41-27 17:41:07.680 [main] INFO   - Verified alert message
2019-41-27 17:41:09.168 [main] INFO   - Closed site
2019-41-27 17:41:23.115 [main] INFO   - Opened site
2019-41-27 17:41:27.644 [main] INFO   - Opened Login Page
2019-41-27 17:41:31.181 [main] INFO   - Opened My Account Page
2019-41-27 17:41:31.250 [main] INFO   - Verified user name
2019-41-27 17:41:33.791 [main] INFO   - User is signed out
2019-41-27 17:41:33.888 [main] INFO   - Verified Login Page
2019-41-27 17:41:35.314 [main] INFO   - Closed site
2019-41-27 17:41:49.673 [main] INFO   - Opened site
2019-41-27 17:41:51.916 [main] INFO   - Opened Login Page
2019-41-27 17:41:55.413 [main] INFO   - Opened My Account Page
2019-41-27 17:41:58.303 [main] INFO   - Opened Dresses Page
2019-42-27 17:42:00.670 [main] INFO   - Opened Summer Dresses Page
2019-42-27 17:42:00.774 [main] INFO   - Verified count of products from the message and from page
2019-42-27 17:42:00.977 [main] INFO   - Selected only White dresses
2019-42-27 17:42:01.042 [main] INFO   - Verified count of products from the message and from page again
2019-42-27 17:42:02.505 [main] INFO   - Closed site
2019-42-27 17:42:44.649 [main] INFO   - Opened site
2019-42-27 17:42:47.507 [main] INFO   - Opened Login Page
2019-42-27 17:42:51.435 [main] INFO   - Opened My Account Page
2019-42-27 17:42:54.657 [main] INFO   - Opened T-Shirts Page
2019-43-27 17:43:03.201 [main] INFO   - Opened Faded Short sleeve T-Shirt Page
2019-43-27 17:43:03.256 [main] INFO   - Verified breadcrumb
2019-43-27 17:43:08.523 [main] INFO   - Opened information dialog
2019-43-27 17:43:18.674 [main] INFO   - Opened shopping card page
2019-43-27 17:43:24.059 [main] INFO   - Clicked Increase quantity button
2019-43-27 17:43:24.172 [main] INFO   - Verified total price with unit price multiplied with quantity
2019-43-27 17:43:29.257 [main] INFO   - Deleted Faded Short sleeve T-Shirt
2019-43-27 17:43:31.281 [main] INFO   - Verified alert message
2019-43-27 17:43:32.635 [main] INFO   - Closed site
2019-43-27 17:43:49.184 [main] INFO   - Opened site
2019-43-27 17:43:52.715 [main] INFO   - Opened Login Page
2019-43-27 17:43:55.584 [main] INFO   - Opened My Account Page
2019-43-27 17:43:55.669 [main] INFO   - Verified user name
2019-43-27 17:43:58.502 [main] INFO   - User is signed out
2019-43-27 17:43:58.606 [main] INFO   - Verified Login Page
2019-44-27 17:44:00.010 [main] INFO   - Closed site
2019-44-27 17:44:16.562 [main] INFO   - Opened site
2019-44-27 17:44:24.709 [main] INFO   - Opened Login Page
2019-44-27 17:44:32.881 [main] INFO   - Opened My Account Page
2019-44-27 17:44:41.575 [main] INFO   - Opened Dresses Page
2019-44-27 17:44:49.224 [main] INFO   - Opened Summer Dresses Page
2019-44-27 17:44:49.374 [main] INFO   - Verified count of products from the message and from page
2019-44-27 17:44:49.648 [main] INFO   - Selected only White dresses
2019-44-27 17:44:49.759 [main] INFO   - Verified count of products from the message and from page again
2019-44-27 17:44:51.214 [main] INFO   - Closed site
2019-52-01 13:52:12.143 [main] INFO   - Opened site
2019-52-01 13:52:14.570 [main] INFO   - Opened Login Page
2019-52-01 13:52:17.889 [main] INFO   - Opened My Account Page
2019-52-01 13:52:20.067 [main] INFO   - Opened T-Shirts Page
2019-52-01 13:52:22.823 [main] INFO   - Opened Faded Short sleeve T-Shirt Page
2019-52-01 13:52:22.865 [main] INFO   - Verified breadcrumb
2019-52-01 13:52:22.960 [main] INFO   - Opened information dialog
2019-52-01 13:52:25.974 [main] INFO   - Opened shopping card page
2019-52-01 13:52:26.117 [main] INFO   - Clicked Increase quantity button
2019-52-01 13:52:26.257 [main] INFO   - Verified total price with unit price multiplied with quantity
2019-52-01 13:52:26.328 [main] INFO   - Deleted Faded Short sleeve T-Shirt
2019-52-01 13:52:37.131 [main] ERROR  - Expected condition failed: waiting for visibility of [[ChromeDriver: chrome on XP (9f00b8822d3e7ae5ec64909e2e8a22c9)] -> xpath: //p[contains(@class,'alert-warning')]] (tried for 10 second(s) with 500 milliseconds interval)
Build info: version: '3.141.59', revision: 'e82be7d358', time: '2018-11-14T08:17:03'
System info: host: 'ODS1-LHP-F31392', ip: '172.30.148.33', os.name: 'Windows 10', os.arch: 'amd64', os.version: '10.0', java.version: '1.8.0_201'
Driver info: org.openqa.selenium.chrome.ChromeDriver
Capabilities {acceptInsecureCerts: false, acceptSslCerts: false, applicationCacheEnabled: false, browserConnectionEnabled: false, browserName: chrome, chrome: {chromedriverVersion: 2.46.628402 (536cd7adbad73a..., userDataDir: C:\Users\D0CC9~1.TYS\AppDat...}, cssSelectorsEnabled: true, databaseEnabled: false, goog:chromeOptions: {debuggerAddress: localhost:53880}, handlesAlerts: true, hasTouchScreen: false, javascriptEnabled: true, locationContextEnabled: true, mobileEmulationEnabled: false, nativeEvents: true, networkConnectionEnabled: false, pageLoadStrategy: normal, platform: XP, platformName: XP, proxy: Proxy(), rotatable: false, setWindowRect: true, strictFileInteractability: false, takesHeapSnapshot: true, takesScreenshot: true, timeouts: {implicit: 0, pageLoad: 300000, script: 30000}, unexpectedAlertBehaviour: ignore, unhandledPromptBehavior: ignore, version: 72.0.3626.119, webStorageEnabled: true}
Session ID: 9f00b8822d3e7ae5ec64909e2e8a22c9
2019-11-01 15:11:19.562 [main] INFO   - Opened site
2019-11-01 15:11:22.151 [main] INFO   - Opened Login Page
2019-11-01 15:11:24.708 [main] INFO   - Opened My Account Page
2019-11-01 15:11:27.507 [main] INFO   - Opened T-Shirts Page
2019-11-01 15:11:29.934 [main] INFO   - Opened Faded Short sleeve T-Shirt Page
2019-11-01 15:11:30.578 [main] ERROR  - expected:<Women[TopsTshirtsFadedShortSleeveT]shirts> but was:<Women[ Tops T-Shirts Faded Short Sleeve T-]shirts>
2019-20-01 15:20:21.635 [main] INFO   - Opened site
2019-20-01 15:20:24.060 [main] INFO   - Opened Login Page
2019-20-01 15:20:29.034 [main] INFO   - Opened My Account Page
2019-20-01 15:20:31.619 [main] INFO   - Opened T-Shirts Page
2019-20-01 15:20:34.112 [main] INFO   - Opened Faded Short sleeve T-Shirt Page
2019-20-01 15:20:35.042 [main] ERROR  - expected:<[> Women>Tops>T-shirts>]Faded Short Sleeve T...> but was:<[Women Tops T-Shirts ]Faded Short Sleeve T...>
2019-23-01 15:23:24.331 [main] INFO   - Opened site
2019-23-01 15:23:27.013 [main] INFO   - Opened Login Page
2019-23-01 15:23:30.052 [main] INFO   - Opened My Account Page
2019-23-01 15:23:32.122 [main] INFO   - Opened T-Shirts Page
2019-23-01 15:23:33.965 [main] INFO   - Opened Faded Short sleeve T-Shirt Page
2019-23-01 15:23:34.533 [main] ERROR  - expected:<[Women Tops T-Shirts ]Faded Short Sleeve T...> but was:<[> Women>Tops>T-shirts>]Faded Short Sleeve T...>
2019-26-01 15:26:24.588 [main] INFO   - Opened site
2019-26-01 15:26:26.756 [main] INFO   - Opened Login Page
2019-26-01 15:26:30.268 [main] INFO   - Opened My Account Page
2019-26-01 15:26:32.984 [main] INFO   - Opened T-Shirts Page
2019-26-01 15:26:35.634 [main] INFO   - Opened Faded Short sleeve T-Shirt Page
2019-26-01 15:26:36.362 [main] ERROR  - expected:<[Women Tops T-Shirts ]Faded Short Sleeve T...> but was:<[> Women>Tops>T-shirts>]Faded Short Sleeve T...>
2019-27-01 15:27:57.795 [main] INFO   - Opened site
2019-28-01 15:28:00.476 [main] INFO   - Opened Login Page
2019-28-01 15:28:03.050 [main] INFO   - Opened My Account Page
2019-28-01 15:28:05.825 [main] INFO   - Opened T-Shirts Page
2019-28-01 15:28:08.685 [main] INFO   - Opened Faded Short sleeve T-Shirt Page
2019-28-01 15:28:09.348 [main] ERROR  - expected:<WomenTopsT[-ShirtsFaded Short Sleeve T-]shirts> but was:<WomenTopsT[shirtsFadedShortSleeveT]shirts>
2019-29-01 15:29:12.068 [main] INFO   - Opened site
2019-29-01 15:29:14.939 [main] INFO   - Opened Login Page
2019-29-01 15:29:18.513 [main] INFO   - Opened My Account Page
2019-29-01 15:29:23.667 [main] INFO   - Opened T-Shirts Page
2019-29-01 15:29:25.750 [main] INFO   - Opened Faded Short sleeve T-Shirt Page
2019-29-01 15:29:26.371 [main] ERROR  - expected:<[WomenTopsT-Shirts]Faded Short Sleeve T...> but was:<[> Women>Tops>T-shirts>]Faded Short Sleeve T...>
2019-31-01 15:31:00.752 [main] INFO   - Opened site
2019-31-01 15:31:02.991 [main] INFO   - Opened Login Page
2019-31-01 15:31:05.800 [main] INFO   - Opened My Account Page
2019-31-01 15:31:07.965 [main] INFO   - Opened T-Shirts Page
2019-31-01 15:31:10.500 [main] INFO   - Opened Faded Short sleeve T-Shirt Page
2019-31-01 15:31:11.362 [main] ERROR  - expected:<WomenTopsT-[ShirtsFaded Short Sleeve ]T-shirts> but was:<WomenTopsT-[shirtsFadedShortSleeve]T-shirts>
2019-32-01 15:32:30.876 [main] INFO   - Opened site
2019-32-01 15:32:33.101 [main] INFO   - Opened Login Page
2019-32-01 15:32:35.816 [main] INFO   - Opened My Account Page
2019-32-01 15:32:39.669 [main] INFO   - Opened T-Shirts Page
2019-32-01 15:32:41.966 [main] INFO   - Opened Faded Short sleeve T-Shirt Page
2019-32-01 15:32:42.662 [main] ERROR  - expected:<WomenTopsT-[ShirtsFaded Short Sleeve ]T-shirts> but was:<WomenTopsT-[shirtsFadedShortSleeve]T-shirts>
2019-33-01 15:33:45.242 [main] INFO   - Opened site
2019-33-01 15:33:50.188 [main] INFO   - Opened Login Page
2019-33-01 15:33:58.029 [main] INFO   - Opened My Account Page
2019-34-01 15:34:00.575 [main] INFO   - Opened T-Shirts Page
2019-34-01 15:34:03.711 [main] INFO   - Opened Faded Short sleeve T-Shirt Page
2019-34-01 15:34:05.442 [main] ERROR  - expected:<[WomenTopsT-S]hirtsFaded Short Sle...> but was:<[ WomenTopsT-s]hirtsFaded Short Sle...>
2019-35-01 15:35:42.360 [main] INFO   - Opened site
2019-35-01 15:35:45.286 [main] INFO   - Opened Login Page
2019-35-01 15:35:48.170 [main] INFO   - Opened My Account Page
2019-35-01 15:35:50.662 [main] INFO   - Opened T-Shirts Page
2019-35-01 15:35:52.791 [main] INFO   - Opened Faded Short sleeve T-Shirt Page
2019-35-01 15:35:53.363 [main] ERROR  - expected:<WomenTopsT-[S]hirtsFaded Short Sle...> but was:<WomenTopsT-[s]hirtsFaded Short Sle...>
2019-37-01 15:37:18.816 [main] INFO   - Opened site
2019-37-01 15:37:20.976 [main] INFO   - Opened Login Page
2019-37-01 15:37:24.774 [main] INFO   - Opened My Account Page
2019-37-01 15:37:27.973 [main] INFO   - Opened T-Shirts Page
2019-37-01 15:37:30.173 [main] INFO   - Opened Faded Short sleeve T-Shirt Page
2019-37-01 15:37:30.284 [main] INFO   - Verified breadcrumb
2019-37-01 15:37:30.418 [main] INFO   - Opened information dialog
2019-37-01 15:37:33.423 [main] INFO   - Opened shopping card page
2019-37-01 15:37:33.557 [main] INFO   - Clicked Increase quantity button
2019-37-01 15:37:33.728 [main] INFO   - Verified total price with unit price multiplied with quantity
2019-37-01 15:37:33.802 [main] INFO   - Deleted Faded Short sleeve T-Shirt
2019-37-01 15:37:36.295 [main] INFO   - Verified alert message
2019-37-01 15:37:37.352 [main] INFO   - Closed site
2019-42-01 15:42:50.870 [main] INFO   - Opened site
2019-42-01 15:42:53.128 [main] INFO   - Opened Login Page
2019-42-01 15:42:56.535 [main] INFO   - Opened My Account Page
2019-42-01 15:42:59.211 [main] INFO   - Opened T-Shirts Page
2019-43-01 15:43:02.106 [main] INFO   - Opened Faded Short sleeve T-Shirt Page
2019-43-01 15:43:02.224 [main] INFO   - Verified breadcrumb
2019-43-01 15:43:02.370 [main] INFO   - Opened information dialog
2019-43-01 15:43:05.357 [main] INFO   - Opened shopping card page
2019-43-01 15:43:05.502 [main] INFO   - Clicked Increase quantity button
2019-43-01 15:43:05.655 [main] INFO   - Verified total price with unit price multiplied with quantity
2019-43-01 15:43:05.748 [main] INFO   - Deleted Faded Short sleeve T-Shirt
2019-43-01 15:43:08.017 [main] INFO   - Verified alert message
2019-43-01 15:43:09.172 [main] INFO   - Closed site
2019-43-01 15:43:46.908 [main] INFO   - Opened site
2019-43-01 15:43:50.307 [main] INFO   - Opened Login Page
2019-43-01 15:43:55.020 [main] INFO   - Opened My Account Page
2019-43-01 15:43:58.402 [main] INFO   - Opened T-Shirts Page
2019-44-01 15:44:00.567 [main] INFO   - Opened Faded Short sleeve T-Shirt Page
2019-44-01 15:44:00.688 [main] INFO   - Verified breadcrumb
2019-44-01 15:44:00.819 [main] INFO   - Opened information dialog
2019-44-01 15:44:05.714 [main] INFO   - Opened shopping card page
2019-44-01 15:44:05.829 [main] INFO   - Clicked Increase quantity button
2019-44-01 15:44:59.441 [main] INFO   - Verified total price with unit price multiplied with quantity
2019-44-01 15:44:59.653 [main] INFO   - Deleted Faded Short sleeve T-Shirt
2019-45-01 15:45:02.672 [main] INFO   - Verified alert message
2019-45-01 15:45:03.714 [main] INFO   - Closed site
2019-56-01 15:56:43.610 [main] INFO   - Opened site
2019-56-01 15:56:47.562 [main] INFO   - Opened Login Page
2019-56-01 15:56:50.939 [main] INFO   - Opened My Account Page
2019-56-01 15:56:54.456 [main] INFO   - Opened T-Shirts Page
2019-56-01 15:56:57.979 [main] INFO   - Opened Faded Short sleeve T-Shirt Page
2019-56-01 15:56:58.150 [main] INFO   - Verified breadcrumb
2019-56-01 15:56:58.297 [main] INFO   - Opened information dialog
2019-57-01 15:57:04.583 [main] INFO   - Opened shopping card page
2019-57-01 15:57:04.902 [main] INFO   - Clicked Increase quantity button
2019-57-01 15:57:05.061 [main] INFO   - Verified total price with unit price multiplied with quantity
2019-57-01 15:57:05.171 [main] INFO   - Deleted Faded Short sleeve T-Shirt
2019-57-01 15:57:08.389 [main] INFO   - Verified alert message
2019-57-01 15:57:09.492 [main] INFO   - Closed site
2019-57-01 15:57:18.882 [main] INFO   - Opened site
2019-57-01 15:57:21.282 [main] INFO   - Opened Login Page
2019-57-01 15:57:24.483 [main] INFO   - Opened My Account Page
2019-57-01 15:57:24.545 [main] INFO   - Verified user name
2019-57-01 15:57:27.419 [main] INFO   - User is signed out
2019-57-01 15:57:27.499 [main] INFO   - Verified Login Page
2019-57-01 15:57:28.456 [main] INFO   - Closed site
2019-57-01 15:57:38.645 [main] INFO   - Opened site
2019-57-01 15:57:41.883 [main] INFO   - Opened Login Page
2019-57-01 15:57:45.419 [main] INFO   - Opened My Account Page
2019-57-01 15:57:47.994 [main] INFO   - Opened Dresses Page
2019-57-01 15:57:50.182 [main] INFO   - Opened Summer Dresses Page
2019-57-01 15:57:50.281 [main] INFO   - Verified count of products from the message and from page
2019-57-01 15:57:50.439 [main] INFO   - Selected only White dresses
2019-57-01 15:57:50.500 [main] INFO   - Verified count of products from the message and from page again
2019-57-01 15:57:51.472 [main] INFO   - Closed site
2019-59-01 15:59:17.039 [main] INFO   - Opened site
2019-59-01 15:59:20.227 [main] INFO   - Opened Login Page
2019-59-01 15:59:24.254 [main] INFO   - Opened My Account Page
2019-59-01 15:59:26.582 [main] INFO   - Opened T-Shirts Page
2019-59-01 15:59:28.935 [main] INFO   - Opened Faded Short sleeve T-Shirt Page
2019-59-01 15:59:29.094 [main] INFO   - Verified breadcrumb
2019-59-01 15:59:29.286 [main] INFO   - Opened information dialog
2019-59-01 15:59:32.965 [main] INFO   - Opened shopping card page
2019-59-01 15:59:33.095 [main] INFO   - Clicked Increase quantity button
2019-00-01 16:00:41.901 [main] INFO   - Verified total price with unit price multiplied with quantity
2019-01-01 16:01:52.446 [main] INFO   - Opened site
2019-01-01 16:01:55.499 [main] INFO   - Opened Login Page
2019-01-01 16:01:58.358 [main] INFO   - Opened My Account Page
2019-02-01 16:02:01.143 [main] INFO   - Opened T-Shirts Page
2019-02-01 16:02:03.159 [main] INFO   - Opened Faded Short sleeve T-Shirt Page
2019-02-01 16:02:03.294 [main] INFO   - Verified breadcrumb
2019-02-01 16:02:03.415 [main] INFO   - Opened information dialog
2019-02-01 16:02:06.986 [main] INFO   - Opened shopping card page
2019-02-01 16:02:07.127 [main] INFO   - Clicked Increase quantity button
2019-02-01 16:02:17.803 [main] ERROR  - Expected condition failed: waiting for visibility of [[ChromeDriver: chrome on XP (d958e6fe67e8dd4ec0001a990e4b0a2b)] -> xpath: //input[contains(@class,'cart_quantity_input form-control')]/preceding-sibling::input] (tried for 10 second(s) with 500 milliseconds interval)
Build info: version: '3.141.59', revision: 'e82be7d358', time: '2018-11-14T08:17:03'
System info: host: 'ODS1-LHP-F31392', ip: '172.30.148.33', os.name: 'Windows 10', os.arch: 'amd64', os.version: '10.0', java.version: '1.8.0_201'
Driver info: org.openqa.selenium.chrome.ChromeDriver
Capabilities {acceptInsecureCerts: false, acceptSslCerts: false, applicationCacheEnabled: false, browserConnectionEnabled: false, browserName: chrome, chrome: {chromedriverVersion: 2.46.628402 (536cd7adbad73a..., userDataDir: C:\Users\D0CC9~1.TYS\AppDat...}, cssSelectorsEnabled: true, databaseEnabled: false, goog:chromeOptions: {debuggerAddress: localhost:56057}, handlesAlerts: true, hasTouchScreen: false, javascriptEnabled: true, locationContextEnabled: true, mobileEmulationEnabled: false, nativeEvents: true, networkConnectionEnabled: false, pageLoadStrategy: normal, platform: XP, platformName: XP, proxy: Proxy(), rotatable: false, setWindowRect: true, strictFileInteractability: false, takesHeapSnapshot: true, takesScreenshot: true, timeouts: {implicit: 0, pageLoad: 300000, script: 30000}, unexpectedAlertBehaviour: ignore, unhandledPromptBehavior: ignore, version: 72.0.3626.119, webStorageEnabled: true}
Session ID: d958e6fe67e8dd4ec0001a990e4b0a2b
2019-03-01 16:03:23.199 [main] INFO   - Opened site
2019-03-01 16:03:26.060 [main] INFO   - Opened Login Page
2019-03-01 16:03:31.423 [main] INFO   - Opened My Account Page
2019-03-01 16:03:35.172 [main] INFO   - Opened T-Shirts Page
2019-03-01 16:03:38.885 [main] INFO   - Opened Faded Short sleeve T-Shirt Page
2019-03-01 16:03:39.014 [main] INFO   - Verified breadcrumb
2019-03-01 16:03:39.152 [main] INFO   - Opened information dialog
2019-03-01 16:03:44.514 [main] INFO   - Opened shopping card page
2019-03-01 16:03:44.710 [main] INFO   - Clicked Increase quantity button
2019-03-01 16:03:56.128 [main] ERROR  - Expected condition failed: waiting for visibility of [[ChromeDriver: chrome on XP (31ea5b6e7ba760c71f8948a50682c817)] -> xpath: //input[contains(@class,'cart_quantity_input form-control')]/preceding-sibling::input] (tried for 10 second(s) with 500 milliseconds interval)
Build info: version: '3.141.59', revision: 'e82be7d358', time: '2018-11-14T08:17:03'
System info: host: 'ODS1-LHP-F31392', ip: '172.30.148.33', os.name: 'Windows 10', os.arch: 'amd64', os.version: '10.0', java.version: '1.8.0_201'
Driver info: org.openqa.selenium.chrome.ChromeDriver
Capabilities {acceptInsecureCerts: false, acceptSslCerts: false, applicationCacheEnabled: false, browserConnectionEnabled: false, browserName: chrome, chrome: {chromedriverVersion: 2.46.628402 (536cd7adbad73a..., userDataDir: C:\Users\D0CC9~1.TYS\AppDat...}, cssSelectorsEnabled: true, databaseEnabled: false, goog:chromeOptions: {debuggerAddress: localhost:56204}, handlesAlerts: true, hasTouchScreen: false, javascriptEnabled: true, locationContextEnabled: true, mobileEmulationEnabled: false, nativeEvents: true, networkConnectionEnabled: false, pageLoadStrategy: normal, platform: XP, platformName: XP, proxy: Proxy(), rotatable: false, setWindowRect: true, strictFileInteractability: false, takesHeapSnapshot: true, takesScreenshot: true, timeouts: {implicit: 0, pageLoad: 300000, script: 30000}, unexpectedAlertBehaviour: ignore, unhandledPromptBehavior: ignore, version: 72.0.3626.119, webStorageEnabled: true}
Session ID: 31ea5b6e7ba760c71f8948a50682c817
2019-05-01 16:05:02.420 [main] INFO   - Opened site
2019-05-01 16:05:04.719 [main] INFO   - Opened Login Page
2019-05-01 16:05:07.277 [main] INFO   - Opened My Account Page
2019-05-01 16:05:11.286 [main] INFO   - Opened T-Shirts Page
2019-05-01 16:05:13.282 [main] INFO   - Opened Faded Short sleeve T-Shirt Page
2019-05-01 16:05:13.371 [main] INFO   - Verified breadcrumb
2019-05-01 16:05:13.467 [main] INFO   - Opened information dialog
2019-05-01 16:05:16.516 [main] INFO   - Opened shopping card page
2019-05-01 16:05:16.656 [main] INFO   - Clicked Increase quantity button
2019-08-01 16:08:17.960 [main] INFO   - Verified total price with unit price multiplied with quantity
2019-08-01 16:08:52.898 [main] INFO   - Opened site
2019-09-01 16:09:06.450 [main] INFO   - Opened Login Page
2019-09-01 16:09:09.474 [main] INFO   - Opened My Account Page
2019-09-01 16:09:11.868 [main] INFO   - Opened T-Shirts Page
2019-09-01 16:09:13.791 [main] INFO   - Opened Faded Short sleeve T-Shirt Page
2019-09-01 16:09:13.893 [main] INFO   - Verified breadcrumb
2019-09-01 16:09:13.994 [main] INFO   - Opened information dialog
2019-09-01 16:09:17.412 [main] INFO   - Opened shopping card page
2019-09-01 16:09:17.581 [main] INFO   - Clicked Increase quantity button
2019-10-01 16:10:37.577 [main] INFO   - Verified total price with unit price multiplied with quantity
2019-10-01 16:10:37.994 [main] INFO   - Deleted Faded Short sleeve T-Shirt
2019-11-01 16:11:20.577 [main] INFO   - Opened site
2019-11-01 16:11:23.197 [main] INFO   - Opened Login Page
2019-11-01 16:11:25.988 [main] INFO   - Opened My Account Page
2019-11-01 16:11:30.528 [main] INFO   - Opened T-Shirts Page
2019-11-01 16:11:33.888 [main] INFO   - Opened Faded Short sleeve T-Shirt Page
2019-11-01 16:11:34.003 [main] INFO   - Verified breadcrumb
2019-11-01 16:11:34.153 [main] INFO   - Opened information dialog
2019-11-01 16:11:37.392 [main] INFO   - Opened shopping card page
2019-11-01 16:11:37.901 [main] INFO   - Clicked Increase quantity button
2019-12-01 16:12:03.747 [main] INFO   - Verified total price with unit price multiplied with quantity
2019-12-01 16:12:03.857 [main] INFO   - Deleted Faded Short sleeve T-Shirt
2019-12-01 16:12:07.507 [main] INFO   - Verified alert message
2019-12-01 16:12:08.665 [main] INFO   - Closed site
2019-12-01 16:12:54.632 [main] INFO   - Opened site
2019-12-01 16:12:56.816 [main] INFO   - Opened Login Page
2019-12-01 16:12:59.750 [main] INFO   - Opened My Account Page
2019-13-01 16:13:02.083 [main] INFO   - Opened T-Shirts Page
2019-13-01 16:13:04.172 [main] INFO   - Opened Faded Short sleeve T-Shirt Page
2019-13-01 16:13:04.409 [main] INFO   - Verified breadcrumb
2019-13-01 16:13:04.535 [main] INFO   - Opened information dialog
2019-13-01 16:13:07.711 [main] INFO   - Opened shopping card page
2019-13-01 16:13:07.908 [main] INFO   - Clicked Increase quantity button
2019-13-01 16:13:36.749 [main] INFO   - Verified total price with unit price multiplied with quantity
2019-13-01 16:13:36.835 [main] INFO   - Deleted Faded Short sleeve T-Shirt
2019-13-01 16:13:40.409 [main] INFO   - Verified alert message
2019-13-01 16:13:41.461 [main] INFO   - Closed site
2019-15-01 16:15:49.596 [main] INFO   - Opened site
2019-15-01 16:15:52.389 [main] INFO   - Opened Login Page
2019-15-01 16:15:54.827 [main] INFO   - Opened My Account Page
2019-15-01 16:15:58.188 [main] INFO   - Opened T-Shirts Page
2019-16-01 16:16:00.412 [main] INFO   - Opened Faded Short sleeve T-Shirt Page
2019-16-01 16:16:00.571 [main] INFO   - Verified breadcrumb
2019-16-01 16:16:00.731 [main] INFO   - Opened information dialog
2019-16-01 16:16:04.297 [main] INFO   - Opened shopping card page
2019-16-01 16:16:04.452 [main] INFO   - Clicked Increase quantity button
2019-16-01 16:16:13.896 [main] INFO   - Verified total price with unit price multiplied with quantity
2019-16-01 16:16:13.981 [main] INFO   - Deleted Faded Short sleeve T-Shirt
2019-16-01 16:16:16.504 [main] INFO   - Verified alert message
2019-16-01 16:16:17.806 [main] INFO   - Closed site
2019-31-01 16:31:20.425 [main] INFO   - Opened site
2019-31-01 16:31:25.330 [main] INFO   - Opened Login Page
2019-31-01 16:31:29.221 [main] INFO   - Opened My Account Page
2019-31-01 16:31:32.556 [main] INFO   - Opened T-Shirts Page
2019-31-01 16:31:34.607 [main] INFO   - Opened Faded Short sleeve T-Shirt Page
2019-31-01 16:31:34.695 [main] INFO   - Verified breadcrumb
2019-31-01 16:31:34.781 [main] INFO   - Opened information dialog
2019-31-01 16:31:38.193 [main] INFO   - Opened shopping card page
2019-31-01 16:31:38.381 [main] INFO   - Clicked Increase quantity button
2019-33-01 16:33:03.194 [main] INFO   - Verified total price with unit price multiplied with quantity
2019-34-01 16:34:04.869 [main] INFO   - Opened site
2019-34-01 16:34:06.878 [main] INFO   - Opened Login Page
2019-34-01 16:34:09.031 [main] INFO   - Opened My Account Page
2019-34-01 16:34:11.152 [main] INFO   - Opened T-Shirts Page
2019-34-01 16:34:13.215 [main] INFO   - Opened Faded Short sleeve T-Shirt Page
2019-34-01 16:34:13.297 [main] INFO   - Verified breadcrumb
2019-34-01 16:34:13.375 [main] INFO   - Opened information dialog
2019-34-01 16:34:16.379 [main] INFO   - Opened shopping card page
2019-34-01 16:34:21.495 [main] INFO   - Clicked Increase quantity button
2019-34-01 16:34:33.316 [main] INFO   - Verified total price with unit price multiplied with quantity
2019-34-01 16:34:33.452 [main] INFO   - Deleted Faded Short sleeve T-Shirt
2019-44-01 16:44:52.996 [main] INFO   - Opened site
2019-44-01 16:44:55.549 [main] INFO   - Opened Login Page
2019-44-01 16:44:58.535 [main] INFO   - Opened My Account Page
2019-45-01 16:45:00.846 [main] INFO   - Opened T-Shirts Page
2019-45-01 16:45:03.400 [main] INFO   - Opened Faded Short sleeve T-Shirt Page
2019-45-01 16:45:03.497 [main] INFO   - Verified breadcrumb
2019-45-01 16:45:03.601 [main] INFO   - Opened information dialog
2019-45-01 16:45:06.512 [main] INFO   - Opened shopping card page
2019-45-01 16:45:06.663 [main] INFO   - Clicked Increase quantity button
2019-45-01 16:45:16.392 [main] INFO   - Verified total price with unit price multiplied with quantity
2019-26-01 17:26:33.809 [main] INFO   - Opened site
2019-26-01 17:26:36.578 [main] INFO   - Opened Login Page
2019-26-01 17:26:40.249 [main] INFO   - Opened My Account Page
2019-26-01 17:26:43.550 [main] INFO   - Opened T-Shirts Page
2019-26-01 17:26:45.758 [main] INFO   - Opened Faded Short sleeve T-Shirt Page
2019-26-01 17:26:45.880 [main] INFO   - Verified breadcrumb
2019-26-01 17:26:46.035 [main] INFO   - Opened information dialog
2019-26-01 17:26:48.878 [main] INFO   - Opened shopping card page
2019-26-01 17:26:49.172 [main] INFO   - Clicked Increase quantity button
2019-26-01 17:26:49.334 [main] INFO   - Verified total price with unit price multiplied with quantity
2019-26-01 17:26:49.452 [main] INFO   - Deleted Faded Short sleeve T-Shirt
2019-26-01 17:26:51.688 [main] INFO   - Verified alert message
2019-26-01 17:26:52.756 [main] INFO   - Closed site
2019-27-01 17:27:29.340 [main] INFO   - Opened site
2019-27-01 17:27:33.553 [main] INFO   - Opened Login Page
2019-27-01 17:27:37.406 [main] INFO   - Opened My Account Page
2019-27-01 17:27:40.614 [main] INFO   - Opened T-Shirts Page
2019-27-01 17:27:43.597 [main] INFO   - Opened Faded Short sleeve T-Shirt Page
2019-27-01 17:27:43.737 [main] INFO   - Verified breadcrumb
2019-27-01 17:27:43.863 [main] INFO   - Opened information dialog
2019-27-01 17:27:47.056 [main] INFO   - Opened shopping card page
2019-27-01 17:27:47.314 [main] INFO   - Clicked Increase quantity button
2019-28-01 17:28:43.374 [main] INFO   - Verified total price with unit price multiplied with quantity
2019-28-01 17:28:43.616 [main] INFO   - Deleted Faded Short sleeve T-Shirt
2019-35-01 17:35:31.403 [main] INFO   - Opened site
2019-35-01 17:35:34.230 [main] INFO   - Opened Login Page
2019-35-01 17:35:37.161 [main] INFO   - Opened My Account Page
2019-35-01 17:35:40.051 [main] INFO   - Opened T-Shirts Page
2019-35-01 17:35:44.032 [main] INFO   - Opened Faded Short sleeve T-Shirt Page
2019-35-01 17:35:44.165 [main] INFO   - Verified breadcrumb
2019-35-01 17:35:44.317 [main] INFO   - Opened information dialog
2019-35-01 17:35:48.898 [main] INFO   - Opened shopping card page
2019-35-01 17:35:49.086 [main] INFO   - Clicked Increase quantity button
2019-35-01 17:35:58.896 [main] INFO   - Verified total price with unit price multiplied with quantity
2019-35-01 17:35:59.457 [main] INFO   - Deleted Faded Short sleeve T-Shirt
2019-36-01 17:36:49.631 [main] INFO   - Opened site
2019-36-01 17:36:52.551 [main] INFO   - Opened Login Page
2019-36-01 17:36:56.045 [main] INFO   - Opened My Account Page
2019-36-01 17:36:58.797 [main] INFO   - Opened T-Shirts Page
2019-37-01 17:37:01.065 [main] INFO   - Opened Faded Short sleeve T-Shirt Page
2019-37-01 17:37:01.245 [main] INFO   - Verified breadcrumb
2019-37-01 17:37:01.433 [main] INFO   - Opened information dialog
2019-37-01 17:37:04.807 [main] INFO   - Opened shopping card page
2019-37-01 17:37:04.956 [main] INFO   - Clicked Increase quantity button
2019-37-01 17:37:55.578 [main] INFO   - Verified total price with unit price multiplied with quantity
2019-37-01 17:37:55.684 [main] INFO   - Deleted Faded Short sleeve T-Shirt
2019-37-01 17:37:58.274 [main] INFO   - Verified alert message
2019-38-01 17:38:00.356 [main] INFO   - Closed site
2019-55-01 17:55:32.858 [main] INFO   - Opened site
2019-55-01 17:55:35.993 [main] INFO   - Opened Login Page
2019-55-01 17:55:39.848 [main] INFO   - Opened My Account Page
2019-55-01 17:55:43.764 [main] INFO   - Opened T-Shirts Page
2019-55-01 17:55:47.004 [main] INFO   - Opened Faded Short sleeve T-Shirt Page
2019-55-01 17:55:47.142 [main] INFO   - Verified breadcrumb
2019-55-01 17:55:47.263 [main] INFO   - Opened information dialog
2019-55-01 17:55:51.216 [main] INFO   - Opened shopping card page
2019-55-01 17:55:52.467 [main] INFO   - Clicked Increase quantity button
2019-56-01 17:56:24.956 [main] INFO   - Verified total price with unit price multiplied with quantity
2019-56-01 17:56:25.037 [main] INFO   - Deleted Faded Short sleeve T-Shirt
2019-56-01 17:56:27.081 [main] INFO   - Verified alert message
2019-56-01 17:56:27.974 [main] INFO   - Closed site
2019-52-05 10:52:35.380 [main] INFO   - Opened site
2019-52-05 10:52:37.656 [main] INFO   - Opened Login Page
2019-52-05 10:52:41.759 [main] INFO   - Opened My Account Page
2019-52-05 10:52:44.502 [main] INFO   - Opened T-Shirts Page
2019-52-05 10:52:47.546 [main] INFO   - Opened Faded Short sleeve T-Shirt Page
2019-52-05 10:52:47.661 [main] INFO   - Verified breadcrumb
2019-52-05 10:52:47.776 [main] INFO   - Opened information dialog
2019-52-05 10:52:51.756 [main] INFO   - Opened shopping card page
2019-52-05 10:52:53.815 [main] INFO   - Clicked Increase quantity button
2019-52-05 10:52:53.912 [main] INFO   - Verified total price with unit price multiplied with quantity
2019-52-05 10:52:54.019 [main] INFO   - Deleted Faded Short sleeve T-Shirt
2019-52-05 10:52:59.352 [main] INFO   - Verified alert message
2019-53-05 10:53:01.061 [main] INFO   - Closed site
2019-45-14 13:45:41.581 [main] ERROR  - Failed to create new instance of class com.aqacourses.project.pages.HomePage
2019-53-14 13:53:27.043 [main] ERROR  - Failed to create new instance of class com.aqacourses.project.pages.HomePage
2019-19-15 10:19:55.716 [main] ERROR  - Failed to create new instance of class com.aqacourses.project.pages.HomePage
2019-22-15 10:22:10.353 [main] ERROR  - Failed to create new instance of class com.aqacourses.project.pages.HomePage
2019-27-15 10:27:01.142 [main] ERROR  - No webdriver is bound to current thread: 1. You need to call open(url) first.
